<?xml version="1.0" encoding="UTF-8"?>
<coverage generated="1660742944102" clover="3.2.0">
  <project timestamp="1660742944102" name="All files">
    <metrics statements="9" coveredstatements="6" conditionals="4" coveredconditionals="1" methods="3" coveredmethods="2" elements="16" coveredelements="9" complexity="0" loc="9" ncloc="9" packages="1" files="1" classes="1"/>
    <file name="addRemove.js" path="C:\Users\abdul\To-Do-List-BUGS\src\modules\test\addRemove.js">
      <metrics statements="9" coveredstatements="6" conditionals="4" coveredconditionals="1" methods="3" coveredmethods="2"/>
      <line num="2" count="2" type="cond" truecount="1" falsecount="1"/>
      <line num="3" count="2" type="stmt"/>
      <line num="9" count="2" type="stmt"/>
      <line num="12" count="0" type="cond" truecount="0" falsecount="2"/>
      <line num="13" count="0" type="stmt"/>
      <line num="15" count="0" type="stmt"/>
      <line num="18" count="1" type="stmt"/>
      <line num="19" count="1" type="stmt"/>
      <line num="22" count="1" type="stmt"/>
    </file>
  </project>
</coverage>
